<?xml version="1.0" encoding="UTF-8"?>
<testng-results ignored="0" total="3" passed="3" failed="0" skipped="0">
  <reporter-output>
  </reporter-output>
  <suite started-at="2024-02-06T07:42:41 IST" name="TestSuite" finished-at="2024-02-06T07:43:27 IST" duration-ms="46547">
    <groups>
    </groups>
    <test started-at="2024-02-06T07:42:41 IST" name="ChromeTest" finished-at="2024-02-06T07:43:03 IST" duration-ms="21908">
      <class name="com.testng.CrossBrowserTesting">
        <test-method is-config="true" signature="browserSetup(java.lang.String)[pri:0, instance:com.testng.CrossBrowserTesting@351d00c0]" started-at="2024-02-06T07:42:41 IST" name="browserSetup" finished-at="2024-02-06T07:42:42 IST" duration-ms="1641" status="PASS">
          <params>
            <param index="0">
              <value>
                <![CDATA[chrome]]>
              </value>
            </param>
          </params>
          <reporter-output>
          </reporter-output>
        </test-method> <!-- browserSetup -->
        <test-method signature="login()[pri:0, instance:com.testng.CrossBrowserTesting@351d00c0]" started-at="2024-02-06T07:42:42 IST" name="login" finished-at="2024-02-06T07:42:53 IST" duration-ms="10127" status="PASS">
          <reporter-output>
          </reporter-output>
        </test-method> <!-- login -->
        <test-method is-config="true" signature="tearDown()[pri:0, instance:com.testng.CrossBrowserTesting@351d00c0]" started-at="2024-02-06T07:42:53 IST" name="tearDown" finished-at="2024-02-06T07:43:03 IST" duration-ms="10104" status="PASS">
          <reporter-output>
          </reporter-output>
        </test-method> <!-- tearDown -->
      </class> <!-- com.testng.CrossBrowserTesting -->
    </test> <!-- ChromeTest -->
    <test started-at="2024-02-06T07:42:41 IST" name="FirefoxTest" finished-at="2024-02-06T07:43:08 IST" duration-ms="27447">
      <class name="com.testng.CrossBrowserTesting">
        <test-method is-config="true" signature="browserSetup(java.lang.String)[pri:0, instance:com.testng.CrossBrowserTesting@6d763516]" started-at="2024-02-06T07:42:41 IST" name="browserSetup" finished-at="2024-02-06T07:42:44 IST" duration-ms="3543" status="PASS">
          <params>
            <param index="0">
              <value>
                <![CDATA[firefox]]>
              </value>
            </param>
          </params>
          <reporter-output>
          </reporter-output>
        </test-method> <!-- browserSetup -->
        <test-method signature="login()[pri:0, instance:com.testng.CrossBrowserTesting@6d763516]" started-at="2024-02-06T07:42:44 IST" name="login" finished-at="2024-02-06T07:42:58 IST" duration-ms="13143" status="PASS">
          <reporter-output>
          </reporter-output>
        </test-method> <!-- login -->
        <test-method is-config="true" signature="tearDown()[pri:0, instance:com.testng.CrossBrowserTesting@6d763516]" started-at="2024-02-06T07:42:58 IST" name="tearDown" finished-at="2024-02-06T07:43:08 IST" duration-ms="10756" status="PASS">
          <reporter-output>
          </reporter-output>
        </test-method> <!-- tearDown -->
      </class> <!-- com.testng.CrossBrowserTesting -->
    </test> <!-- FirefoxTest -->
    <test started-at="2024-02-06T07:43:03 IST" name="EdgeTest" finished-at="2024-02-06T07:43:27 IST" duration-ms="24615">
      <class name="com.testng.CrossBrowserTesting">
        <test-method is-config="true" signature="browserSetup(java.lang.String)[pri:0, instance:com.testng.CrossBrowserTesting@18078bef]" started-at="2024-02-06T07:43:03 IST" name="browserSetup" finished-at="2024-02-06T07:43:05 IST" duration-ms="2514" status="PASS">
          <params>
            <param index="0">
              <value>
                <![CDATA[edge]]>
              </value>
            </param>
          </params>
          <reporter-output>
          </reporter-output>
        </test-method> <!-- browserSetup -->
        <test-method signature="login()[pri:0, instance:com.testng.CrossBrowserTesting@18078bef]" started-at="2024-02-06T07:43:05 IST" name="login" finished-at="2024-02-06T07:43:17 IST" duration-ms="11962" status="PASS">
          <reporter-output>
          </reporter-output>
        </test-method> <!-- login -->
        <test-method is-config="true" signature="tearDown()[pri:0, instance:com.testng.CrossBrowserTesting@18078bef]" started-at="2024-02-06T07:43:17 IST" name="tearDown" finished-at="2024-02-06T07:43:27 IST" duration-ms="10135" status="PASS">
          <reporter-output>
          </reporter-output>
        </test-method> <!-- tearDown -->
      </class> <!-- com.testng.CrossBrowserTesting -->
    </test> <!-- EdgeTest -->
  </suite> <!-- TestSuite -->
</testng-results>
