<?xml version="1.0" encoding="UTF-8"?>
<testng-results ignored="0" total="2" passed="2" failed="0" skipped="0">
  <reporter-output>
  </reporter-output>
  <suite started-at="2024-02-11T19:34:29 IST" name="Default suite" finished-at="2024-02-11T19:34:53 IST" duration-ms="23325">
    <groups>
    </groups>
    <test started-at="2024-02-11T19:34:29 IST" name="Default test" finished-at="2024-02-11T19:34:53 IST" duration-ms="23325">
      <class name="com.dataprovider.TestDDT">
        <test-method signature="login(java.lang.String,java.lang.String)[pri:0, instance:com.dataprovider.TestDDT@1a451d4d]" started-at="2024-02-11T19:34:29 IST" name="login" data-provider="testdata" finished-at="2024-02-11T19:34:41 IST" duration-ms="12020" status="PASS">
          <params>
            <param index="0">
              <value>
                <![CDATA[Admin]]>
              </value>
            </param>
            <param index="1">
              <value>
                <![CDATA[admin123]]>
              </value>
            </param>
          </params>
          <reporter-output>
          </reporter-output>
        </test-method> <!-- login -->
        <test-method signature="login(java.lang.String,java.lang.String)[pri:0, instance:com.dataprovider.TestDDT@1a451d4d]" started-at="2024-02-11T19:34:41 IST" name="login" data-provider="testdata" finished-at="2024-02-11T19:34:53 IST" duration-ms="11263" status="PASS">
          <params>
            <param index="0">
              <value>
                <![CDATA[admin]]>
              </value>
            </param>
            <param index="1">
              <value>
                <![CDATA[admin123]]>
              </value>
            </param>
          </params>
          <reporter-output>
          </reporter-output>
        </test-method> <!-- login -->
      </class> <!-- com.dataprovider.TestDDT -->
    </test> <!-- Default test -->
  </suite> <!-- Default suite -->
</testng-results>
